
> rewaj-corporate-website@1.0.0 dev
> next dev

  ▲ Next.js 14.2.15
  - Local:        http://localhost:3000
  - Environments: .env.local

 ✓ Starting...
Attention: Next.js now collects completely anonymous telemetry regarding usage.
This information is used to shape Next.js' roadmap and prioritize features.
You can learn more, including how to opt-out if you'd not like to participate in this anonymous program, by visiting the following URL:
https://nextjs.org/telemetry

 ✓ Ready in 2.6s
 ○ Compiling / ...
 ✓ Compiled / in 4.9s (546 modules)
 GET / 200 in 5164ms
 GET / 200 in 71ms
 GET / 200 in 76ms
 ○ Compiling /services ...
 ✓ Compiled /services in 658ms (544 modules)
 ✓ Compiled /about in 360ms (554 modules)
 ✓ Compiled /_not-found in 214ms (557 modules)
 GET /images/refinery-bg.jpg 404 in 315ms
 ✓ Compiled /projects in 390ms (573 modules)
 GET /images/project-power.jpg 404 in 102ms
 GET /images/project-automation.jpg 404 in 93ms
 GET /images/project-fire.jpg 404 in 101ms
 GET /images/project-risk.jpg 404 in 87ms
 GET /images/project-instrumentation.jpg 404 in 92ms
 GET /images/project-gas.jpg 404 in 89ms
 GET /images/hero-offshore.jpg 404 in 27ms
 ✓ Compiled /blog in 464ms (579 modules)
 GET /images/blog-featured.jpg 404 in 57ms
 ✓ Compiled /blog/[slug] in 374ms (581 modules)
 GET /images/blog-featured.jpg 404 in 62ms
 GET /images/blog-featured.jpg 404 in 28ms
 ○ Compiling /contact ...
 ✓ Compiled /contact in 527ms (587 modules)
